Using pre-set license
Built from '2020.3/staging' branch; Version is '2020.3.14f1 (d0d1bb862f9d) revision 13685179'; Using compiler version '192528614'; Build Type 'Release'
OS: 'Windows 10 Home Single Language; OS build 19043.1415; Version 2009; 64bit' Language: 'tr' Physical Memory: 3962 MB
BatchMode: 1, IsHumanControllingUs: 0, StartBugReporterOnCrash: 0, Is64bit: 1, IsPro: 0

 COMMAND LINE ARGUMENTS:
C:\Program Files\Unity\Hub\Editor\2020.3.14f1\Editor\Unity.exe
-adb2
-batchMode
-noUpm
-name
AssetImportWorker2
-projectPath
C:/Users/ceren/OneDrive/Masaüstü/Senior Project
-logFile
Logs/AssetImportWorker2.log
-srvPort
50394
Successfully changed project path to: C:/Users/ceren/OneDrive/Masaüstü/Senior Project
C:/Users/ceren/OneDrive/Masaüstü/Senior Project
Using Asset Import Pipeline V2.
Refreshing native plugins compatible for Editor in 136.18 ms, found 2 plugins.
Preloading 0 native plugins for Editor in 0.00 ms.
Initialize engine version: 2020.3.14f1 (d0d1bb862f9d)
[Subsystems] Discovering subsystems at path C:/Program Files/Unity/Hub/Editor/2020.3.14f1/Editor/Data/Resources/UnitySubsystems
[Subsystems] Discovering subsystems at path C:/Users/ceren/OneDrive/Masaüstü/Senior Project/Assets
GfxDevice: creating device client; threaded=0
Direct3D:
    Version:  Direct3D 11.0 [level 11.0]
    Renderer: NVIDIA GeForce 940MX (ID=0x134d)
    Vendor:   
    VRAM:     2010 MB
    Driver:   30.0.14.9613
Initialize mono
Mono path[0] = 'C:/Program Files/Unity/Hub/Editor/2020.3.14f1/Editor/Data/Managed'
Mono path[1] = 'C:/Program Files/Unity/Hub/Editor/2020.3.14f1/Editor/Data/MonoBleedingEdge/lib/mono/unityjit'
Mono config path = 'C:/Program Files/Unity/Hub/Editor/2020.3.14f1/Editor/Data/MonoBleedingEdge/etc'
Using monoOptions --debugger-agent=transport=dt_socket,embedding=1,server=y,suspend=n,address=127.0.0.1:56452
Begin MonoManager ReloadAssembly
Registering precompiled unity dll's ...
Register platform support module: C:/Program Files/Unity/Hub/Editor/2020.3.14f1/Editor/Data/PlaybackEngines/WebGLSupport/UnityEditor.WebGL.Extensions.dll
Register platform support module: C:/Program Files/Unity/Hub/Editor/2020.3.14f1/Editor/Data/PlaybackEngines/WindowsStandaloneSupport/UnityEditor.WindowsStandalone.Extensions.dll
Registered in 0.005749 seconds.
Native extension for WindowsStandalone target not found
Native extension for WebGL target not found
Refreshing native plugins compatible for Editor in 84.93 ms, found 2 plugins.
Preloading 0 native plugins for Editor in 0.00 ms.
Mono: successfully reloaded assembly
- Completed reload, in  3.102 seconds
Domain Reload Profiling:
	ReloadAssembly (3102ms)
		BeginReloadAssembly (229ms)
			ExecutionOrderSort (0ms)
			DisableScriptedObjects (0ms)
			BackupInstance (0ms)
			ReleaseScriptingObjects (0ms)
			CreateAndSetChildDomain (2ms)
		EndReloadAssembly (712ms)
			LoadAssemblies (221ms)
			RebuildTransferFunctionScriptingTraits (0ms)
			SetupTypeCache (247ms)
			ReleaseScriptCaches (0ms)
			RebuildScriptCaches (56ms)
			SetupLoadedEditorAssemblies (283ms)
				LogAssemblyErrors (0ms)
				InitializePlatformSupportModulesInManaged (15ms)
				SetLoadedEditorAssemblies (0ms)
				RefreshPlugins (85ms)
				BeforeProcessingInitializeOnLoad (28ms)
				ProcessInitializeOnLoadAttributes (115ms)
				ProcessInitializeOnLoadMethodAttributes (40ms)
				AfterProcessingInitializeOnLoad (0ms)
				EditorAssembliesLoaded (0ms)
			ExecutionOrderSort2 (0ms)
			AwakeInstancesAfterBackupRestoration (0ms)
Platform modules already initialized, skipping
Registering precompiled user dll's ...
Registered in 0.005910 seconds.
Begin MonoManager ReloadAssembly
Native extension for WindowsStandalone target not found
Native extension for WebGL target not found
Refreshing native plugins compatible for Editor in 0.64 ms, found 2 plugins.
Preloading 0 native plugins for Editor in 0.00 ms.
Mono: successfully reloaded assembly
- Completed reload, in  2.417 seconds
Domain Reload Profiling:
	ReloadAssembly (2421ms)
		BeginReloadAssembly (370ms)
			ExecutionOrderSort (0ms)
			DisableScriptedObjects (6ms)
			BackupInstance (0ms)
			ReleaseScriptingObjects (0ms)
			CreateAndSetChildDomain (101ms)
		EndReloadAssembly (1940ms)
			LoadAssemblies (241ms)
			RebuildTransferFunctionScriptingTraits (0ms)
			SetupTypeCache (882ms)
			ReleaseScriptCaches (1ms)
			RebuildScriptCaches (72ms)
			SetupLoadedEditorAssemblies (643ms)
				LogAssemblyErrors (0ms)
				InitializePlatformSupportModulesInManaged (9ms)
				SetLoadedEditorAssemblies (1ms)
				RefreshPlugins (1ms)
				BeforeProcessingInitializeOnLoad (132ms)
				ProcessInitializeOnLoadAttributes (486ms)
				ProcessInitializeOnLoadMethodAttributes (6ms)
				AfterProcessingInitializeOnLoad (9ms)
				EditorAssembliesLoaded (0ms)
			ExecutionOrderSort2 (0ms)
			AwakeInstancesAfterBackupRestoration (8ms)
Platform modules already initialized, skipping
========================================================================
Worker process is ready to serve import requests
Launched and connected shader compiler UnityShaderCompiler.exe after 0.19 seconds
Refreshing native plugins compatible for Editor in 1.02 ms, found 2 plugins.
Preloading 0 native plugins for Editor in 0.00 ms.
Unloading 1681 Unused Serialized files (Serialized files now loaded: 0)
System memory in use before: 77.3 MB.
System memory in use after: 77.4 MB.

Unloading 19 unused Assets to reduce memory usage. Loaded Objects now: 2119.
Total: 2.497800 ms (FindLiveObjects: 0.229100 ms CreateObjectMapping: 0.085800 ms MarkObjects: 2.075900 ms  DeleteObjects: 0.105600 ms)

AssetImportParameters requested are different than current active one (requested -> active):
  custom:framework-win-MediaFoundation: 216162199b28c13a410421893ffa2e32 -> 
  custom:video-decoder-ogg-theora: a1e56fd34408186e4bbccfd4996cb3dc -> 
  custom:container-muxer-webm: aa71ff27fc2769a1b78a27578f13a17b -> 
  custom:container-demuxer-webm: 4f35f7cbe854078d1ac9338744f61a02 -> 
  custom:container-demuxer-ogg: 62fdf1f143b41e24485cea50d1cbac27 -> 
  custom:video-encoder-webm-vp8: eb34c28f22e8b96e1ab97ce403110664 -> 
  custom:video-codec-MediaFoundation-h265: 746d11721c4dcdbdad8f713fa42b33f4 -> 
  custom:video-decoder-webm-vp8: 9c59270c3fd7afecdb556c50c9e8de78 -> 
  custom:audio-decoder-ogg-vorbis: bf7c407c2cedff20999df2af8eb42d56 -> 
  custom:audio-encoder-webm-vorbis: bf7c407c2cedff20999df2af8eb42d56 -> 
========================================================================
Received Import Request.
  path: Assets/Scenes/MenuScreen/MainMenu.unity
  artifactKey: Guid(3fa56b58b6585974c9d90109f2d112ac) Importer(815301076,1909f56bfc062723c751e8b465ee728b)
Start importing Assets/Scenes/MenuScreen/MainMenu.unity using Guid(3fa56b58b6585974c9d90109f2d112ac) Importer(815301076,1909f56bfc062723c751e8b465ee728b)  -> (artifact id: 'f752ae40a4fe9028e16a796d5be568c2') in 0.033776 seconds 
  Import took 0.040429 seconds .

========================================================================
Received Import Request.
  Time since last request: 137.486719 seconds.
  path: Assets/Assets/UI Elements/Black/2x/menu2.png
  artifactKey: Guid(93d678c711286d84f8621241c92445a0) Importer(815301076,1909f56bfc062723c751e8b465ee728b)
Start importing Assets/Assets/UI Elements/Black/2x/menu2.png using Guid(93d678c711286d84f8621241c92445a0) Importer(815301076,1909f56bfc062723c751e8b465ee728b)  -> (artifact id: 'f39d459b58a34d53b156f82adf889663') in 0.533532 seconds 
  Import took 0.913478 seconds .

========================================================================
Received Import Request.
  Time since last request: 0.439723 seconds.
  path: Assets/Assets/UI Elements/Black/1x/menu2.png
  artifactKey: Guid(073512f85f127144c80e4e31d0edd53a) Importer(815301076,1909f56bfc062723c751e8b465ee728b)
Start importing Assets/Assets/UI Elements/Black/1x/menu2.png using Guid(073512f85f127144c80e4e31d0edd53a) Importer(815301076,1909f56bfc062723c751e8b465ee728b)  -> (artifact id: '149ca4cf3edb76ac520edef124f7dcd3') in 0.053796 seconds 
  Import took 0.067682 seconds .

========================================================================
Received Import Request.
  Time since last request: 0.001253 seconds.
  path: Assets/Assets/UI Elements/White/1x/menu2.png
  artifactKey: Guid(fd2a1fb3e51510049945a1f359a4ccba) Importer(815301076,1909f56bfc062723c751e8b465ee728b)
Start importing Assets/Assets/UI Elements/White/1x/menu2.png using Guid(fd2a1fb3e51510049945a1f359a4ccba) Importer(815301076,1909f56bfc062723c751e8b465ee728b)  -> (artifact id: '440aa7fa880ce1f55ee81fb7fa62836e') in 0.065780 seconds 
  Import took 0.076045 seconds .

========================================================================
Received Import Request.
  Time since last request: 0.314497 seconds.
  path: Assets/Assets/UI Elements/Black/2x/menu1.png
  artifactKey: Guid(93b4b95fa7d7d954092f862f57c880bf) Importer(815301076,1909f56bfc062723c751e8b465ee728b)
Start importing Assets/Assets/UI Elements/Black/2x/menu1.png using Guid(93b4b95fa7d7d954092f862f57c880bf) Importer(815301076,1909f56bfc062723c751e8b465ee728b)  -> (artifact id: 'bfc6106c231b7f6834df98eb4950b250') in 0.072396 seconds 
  Import took 0.080302 seconds .

========================================================================
Received Import Request.
  Time since last request: 0.004418 seconds.
  path: Assets/Assets/UI Elements/White/1x/menu1.png
  artifactKey: Guid(ba0998b69bda33642b0aeccfb88745ef) Importer(815301076,1909f56bfc062723c751e8b465ee728b)
Start importing Assets/Assets/UI Elements/White/1x/menu1.png using Guid(ba0998b69bda33642b0aeccfb88745ef) Importer(815301076,1909f56bfc062723c751e8b465ee728b)  -> (artifact id: 'a5b72b98d1a95924c61dc7d6f6900fbf') in 0.069107 seconds 
  Import took 0.079715 seconds .

========================================================================
Received Import Request.
  Time since last request: 0.820295 seconds.
  path: Assets/Assets/UI Elements/Black/1x/menu1.png
  artifactKey: Guid(77c9889fe111302458ba6ae627f0dadb) Importer(815301076,1909f56bfc062723c751e8b465ee728b)
Start importing Assets/Assets/UI Elements/Black/1x/menu1.png using Guid(77c9889fe111302458ba6ae627f0dadb) Importer(815301076,1909f56bfc062723c751e8b465ee728b)  -> (artifact id: 'ab2cafbf02cf6daa1b1055213424a461') in 0.043863 seconds 
  Import took 0.050746 seconds .

========================================================================
Received Import Request.
  Time since last request: 0.005969 seconds.
  path: Assets/Assets/UI Elements/Black/2x/left exit.png
  artifactKey: Guid(e2686cca322b54d42b4842ad4eef325c) Importer(815301076,1909f56bfc062723c751e8b465ee728b)
Start importing Assets/Assets/UI Elements/Black/2x/left exit.png using Guid(e2686cca322b54d42b4842ad4eef325c) Importer(815301076,1909f56bfc062723c751e8b465ee728b)  -> (artifact id: '43f1788d3b0ef19b26a5ae45d3dcb3aa') in 0.063236 seconds 
  Import took 0.070294 seconds .

========================================================================
Received Import Request.
  Time since last request: 0.000431 seconds.
  path: Assets/Devion Games/Flat GUI/Icons/List.png
  artifactKey: Guid(1929554932a27a043bf0c30899015047) Importer(815301076,1909f56bfc062723c751e8b465ee728b)
Start importing Assets/Devion Games/Flat GUI/Icons/List.png using Guid(1929554932a27a043bf0c30899015047) Importer(815301076,1909f56bfc062723c751e8b465ee728b)  -> (artifact id: '2699a1f5b72a19209eaae79ec90909ab') in 0.053290 seconds 
  Import took 0.063846 seconds .

========================================================================
Received Import Request.
  Time since last request: 0.000288 seconds.
  path: Assets/Assets/UI Elements/Black/2x/left arrow.png
  artifactKey: Guid(dc2343e3fa1ea0e458f4de9fd96d4372) Importer(815301076,1909f56bfc062723c751e8b465ee728b)
Start importing Assets/Assets/UI Elements/Black/2x/left arrow.png using Guid(dc2343e3fa1ea0e458f4de9fd96d4372) Importer(815301076,1909f56bfc062723c751e8b465ee728b)  -> (artifact id: '6c923c53eb5d302a3b237d0fd4495ea2') in 0.062808 seconds 
  Import took 0.070414 seconds .

========================================================================
Received Import Request.
  Time since last request: 0.000365 seconds.
  path: Assets/Assets/UI Elements/White/1x/left arrow.png
  artifactKey: Guid(a8c156df7e42dfd40a0af3ae927e559c) Importer(815301076,1909f56bfc062723c751e8b465ee728b)
Start importing Assets/Assets/UI Elements/White/1x/left arrow.png using Guid(a8c156df7e42dfd40a0af3ae927e559c) Importer(815301076,1909f56bfc062723c751e8b465ee728b)  -> (artifact id: '502b4d64f2b760a315c22eee733c0201') in 0.059378 seconds 
  Import took 0.066470 seconds .

========================================================================
Received Import Request.
  Time since last request: 0.000328 seconds.
  path: Assets/Devion Games/Flat GUI/Icons/Location.png
  artifactKey: Guid(d79edf6777b9b064db337318257d1b9e) Importer(815301076,1909f56bfc062723c751e8b465ee728b)
Start importing Assets/Devion Games/Flat GUI/Icons/Location.png using Guid(d79edf6777b9b064db337318257d1b9e) Importer(815301076,1909f56bfc062723c751e8b465ee728b)  -> (artifact id: '4af22816d471a378a09b8ddae61e4837') in 0.084259 seconds 
  Import took 0.092340 seconds .

========================================================================
Received Import Request.
  Time since last request: 0.000479 seconds.
  path: Assets/Assets/UI Elements/Black/1x/left arrow.png
  artifactKey: Guid(2b751643e14a05747ba418a17dbc024d) Importer(815301076,1909f56bfc062723c751e8b465ee728b)
Start importing Assets/Assets/UI Elements/Black/1x/left arrow.png using Guid(2b751643e14a05747ba418a17dbc024d) Importer(815301076,1909f56bfc062723c751e8b465ee728b)  -> (artifact id: '9f46a14c2a97a406805dcf6f28e530c3') in 0.078185 seconds 
  Import took 0.093547 seconds .

========================================================================
Received Import Request.
  Time since last request: 0.008507 seconds.
  path: Assets/Devion Games/Flat GUI/Icons/Link.png
  artifactKey: Guid(55a785d63b96af04782b939e24908dfb) Importer(815301076,1909f56bfc062723c751e8b465ee728b)
Start importing Assets/Devion Games/Flat GUI/Icons/Link.png using Guid(55a785d63b96af04782b939e24908dfb) Importer(815301076,1909f56bfc062723c751e8b465ee728b)  -> (artifact id: '4d09f31be6d86ee099ac83db66fb4332') in 0.059916 seconds 
  Import took 0.069562 seconds .

========================================================================
Received Import Request.
  Time since last request: 0.000325 seconds.
  path: Assets/Assets/UI Elements/Black/1x/left.png
  artifactKey: Guid(c2dbc6dc470a3b046b8291ea5826c397) Importer(815301076,1909f56bfc062723c751e8b465ee728b)
Start importing Assets/Assets/UI Elements/Black/1x/left.png using Guid(c2dbc6dc470a3b046b8291ea5826c397) Importer(815301076,1909f56bfc062723c751e8b465ee728b)  -> (artifact id: '75e176c496445fc6352bdb6acc690bcb') in 0.067313 seconds 
  Import took 0.084872 seconds .

========================================================================
Received Import Request.
  Time since last request: 622.629792 seconds.
  path: Assets/Scenes/Toon Office sample Scene 3.unity
  artifactKey: Guid(6a12a683ff1eed74bbd795195714fd98) Importer(815301076,1909f56bfc062723c751e8b465ee728b)
Start importing Assets/Scenes/Toon Office sample Scene 3.unity using Guid(6a12a683ff1eed74bbd795195714fd98) Importer(815301076,1909f56bfc062723c751e8b465ee728b)  -> (artifact id: 'e56ae091e006be6f5d08e96cb504ad08') in 0.068804 seconds 
  Import took 0.204414 seconds .

========================================================================
Received Import Request.
  Time since last request: 15329.250867 seconds.
  path: Assets/EREN/Scripts/Database
  artifactKey: Guid(ccaac2c5ba41c0a43bed1f313102fabb) Importer(815301076,1909f56bfc062723c751e8b465ee728b)
Start importing Assets/EREN/Scripts/Database using Guid(ccaac2c5ba41c0a43bed1f313102fabb) Importer(815301076,1909f56bfc062723c751e8b465ee728b)  -> (artifact id: '9c447ca9406beb2339a9ef8c14dee92c') in 0.049271 seconds 
  Import took 0.228286 seconds .

========================================================================
Received Import Request.
  Time since last request: 2.682176 seconds.
  path: Assets/EREN/Scripts/Task1/FirstTaskToDo.cs
  artifactKey: Guid(2165798d145da8846bb3aceb7873fb89) Importer(815301076,1909f56bfc062723c751e8b465ee728b)
Start importing Assets/EREN/Scripts/Task1/FirstTaskToDo.cs using Guid(2165798d145da8846bb3aceb7873fb89) Importer(815301076,1909f56bfc062723c751e8b465ee728b)  -> (artifact id: 'ac07d827074dcdfa443525f9b4bf4784') in 0.151470 seconds 
  Import took 0.162452 seconds .

========================================================================
Received Import Request.
  Time since last request: 23.334245 seconds.
  path: Assets/EREN/Scripts/Database/Login.cs
  artifactKey: Guid(68dc0ed4c68f80a4eb2e863cf7f10d08) Importer(815301076,1909f56bfc062723c751e8b465ee728b)
Start importing Assets/EREN/Scripts/Database/Login.cs using Guid(68dc0ed4c68f80a4eb2e863cf7f10d08) Importer(815301076,1909f56bfc062723c751e8b465ee728b)  -> (artifact id: '01da2515dff594a3e2efdf59e592ea40') in 0.189548 seconds 
  Import took 0.294173 seconds .

========================================================================
Received Prepare
Registering precompiled user dll's ...
Registered in 0.338493 seconds.
Begin MonoManager ReloadAssembly
Native extension for WindowsStandalone target not found
Native extension for WebGL target not found
Refreshing native plugins compatible for Editor in 2.28 ms, found 2 plugins.
Preloading 0 native plugins for Editor in 0.00 ms.
Mono: successfully reloaded assembly
- Completed reload, in  4.986 seconds
Domain Reload Profiling:
	ReloadAssembly (5031ms)
		BeginReloadAssembly (1981ms)
			ExecutionOrderSort (1ms)
			DisableScriptedObjects (197ms)
			BackupInstance (0ms)
			ReleaseScriptingObjects (3ms)
			CreateAndSetChildDomain (1146ms)
		EndReloadAssembly (2441ms)
			LoadAssemblies (710ms)
			RebuildTransferFunctionScriptingTraits (2ms)
			SetupTypeCache (654ms)
			ReleaseScriptCaches (2ms)
			RebuildScriptCaches (201ms)
			SetupLoadedEditorAssemblies (619ms)
				LogAssemblyErrors (0ms)
				InitializePlatformSupportModulesInManaged (40ms)
				SetLoadedEditorAssemblies (7ms)
				RefreshPlugins (3ms)
				BeforeProcessingInitializeOnLoad (185ms)
				ProcessInitializeOnLoadAttributes (364ms)
				ProcessInitializeOnLoadMethodAttributes (5ms)
				AfterProcessingInitializeOnLoad (11ms)
				EditorAssembliesLoaded (4ms)
			ExecutionOrderSort2 (0ms)
			AwakeInstancesAfterBackupRestoration (14ms)
Platform modules already initialized, skipping
Refreshing native plugins compatible for Editor in 1.17 ms, found 2 plugins.
Preloading 0 native plugins for Editor in 0.00 ms.
Unloading 1664 Unused Serialized files (Serialized files now loaded: 0)
System memory in use before: 79.1 MB.
System memory in use after: 79.2 MB.

Unloading 14 unused Assets to reduce memory usage. Loaded Objects now: 2139.
Total: 19.655600 ms (FindLiveObjects: 1.728600 ms CreateObjectMapping: 0.151100 ms MarkObjects: 16.770900 ms  DeleteObjects: 1.002000 ms)

AssetImportParameters requested are different than current active one (requested -> active):
  custom:framework-win-MediaFoundation: 216162199b28c13a410421893ffa2e32 -> 
  custom:video-decoder-ogg-theora: a1e56fd34408186e4bbccfd4996cb3dc -> 
  custom:container-muxer-webm: aa71ff27fc2769a1b78a27578f13a17b -> 
  custom:container-demuxer-webm: 4f35f7cbe854078d1ac9338744f61a02 -> 
  custom:container-demuxer-ogg: 62fdf1f143b41e24485cea50d1cbac27 -> 
  custom:video-encoder-webm-vp8: eb34c28f22e8b96e1ab97ce403110664 -> 
  custom:video-codec-MediaFoundation-h265: 746d11721c4dcdbdad8f713fa42b33f4 -> 
  custom:video-decoder-webm-vp8: 9c59270c3fd7afecdb556c50c9e8de78 -> 
  custom:audio-decoder-ogg-vorbis: bf7c407c2cedff20999df2af8eb42d56 -> 
  custom:audio-encoder-webm-vorbis: bf7c407c2cedff20999df2af8eb42d56 -> 
========================================================================
Received Import Request.
  Time since last request: 930.833076 seconds.
  path: Assets/EREN/Scripts/Database/Login.cs
  artifactKey: Guid(68dc0ed4c68f80a4eb2e863cf7f10d08) Importer(815301076,1909f56bfc062723c751e8b465ee728b)
Start importing Assets/EREN/Scripts/Database/Login.cs using Guid(68dc0ed4c68f80a4eb2e863cf7f10d08) Importer(815301076,1909f56bfc062723c751e8b465ee728b)  -> (artifact id: 'c7c0baa428a3d2af2e8b9fbed5a301e8') in 0.714838 seconds 
  Import took 1.328179 seconds .

========================================================================
Received Import Request.
  Time since last request: 412.555585 seconds.
  path: Assets/EREN/Scripts/Database/DBManagement.cs
  artifactKey: Guid(3ba167d920177eb41becdbc7c5b66418) Importer(815301076,1909f56bfc062723c751e8b465ee728b)
Start importing Assets/EREN/Scripts/Database/DBManagement.cs using Guid(3ba167d920177eb41becdbc7c5b66418) Importer(815301076,1909f56bfc062723c751e8b465ee728b)  -> (artifact id: '7b98e40d22506e870bc595c35d719f9a') in 0.161895 seconds 
  Import took 0.814944 seconds .

========================================================================
Received Prepare
Registering precompiled user dll's ...
Registered in 0.019248 seconds.
Begin MonoManager ReloadAssembly
Native extension for WindowsStandalone target not found
Native extension for WebGL target not found
Refreshing native plugins compatible for Editor in 1.07 ms, found 2 plugins.
Preloading 0 native plugins for Editor in 0.00 ms.
Mono: successfully reloaded assembly
- Completed reload, in  2.879 seconds
Domain Reload Profiling:
	ReloadAssembly (2924ms)
		BeginReloadAssembly (1150ms)
			ExecutionOrderSort (0ms)
			DisableScriptedObjects (106ms)
			BackupInstance (0ms)
			ReleaseScriptingObjects (5ms)
			CreateAndSetChildDomain (648ms)
		EndReloadAssembly (1350ms)
			LoadAssemblies (242ms)
			RebuildTransferFunctionScriptingTraits (2ms)
			SetupTypeCache (455ms)
			ReleaseScriptCaches (2ms)
			RebuildScriptCaches (58ms)
			SetupLoadedEditorAssemblies (497ms)
				LogAssemblyErrors (0ms)
				InitializePlatformSupportModulesInManaged (15ms)
				SetLoadedEditorAssemblies (1ms)
				RefreshPlugins (1ms)
				BeforeProcessingInitializeOnLoad (138ms)
				ProcessInitializeOnLoadAttributes (321ms)
				ProcessInitializeOnLoadMethodAttributes (7ms)
				AfterProcessingInitializeOnLoad (12ms)
				EditorAssembliesLoaded (0ms)
			ExecutionOrderSort2 (0ms)
			AwakeInstancesAfterBackupRestoration (13ms)
Platform modules already initialized, skipping
Refreshing native plugins compatible for Editor in 0.68 ms, found 2 plugins.
Preloading 0 native plugins for Editor in 0.00 ms.
Unloading 1665 Unused Serialized files (Serialized files now loaded: 0)
System memory in use before: 79.2 MB.
System memory in use after: 79.3 MB.

Unloading 14 unused Assets to reduce memory usage. Loaded Objects now: 2143.
Total: 17.200300 ms (FindLiveObjects: 1.490600 ms CreateObjectMapping: 0.143200 ms MarkObjects: 14.990400 ms  DeleteObjects: 0.572300 ms)

AssetImportParameters requested are different than current active one (requested -> active):
  custom:framework-win-MediaFoundation: 216162199b28c13a410421893ffa2e32 -> 
  custom:video-decoder-ogg-theora: a1e56fd34408186e4bbccfd4996cb3dc -> 
  custom:container-muxer-webm: aa71ff27fc2769a1b78a27578f13a17b -> 
  custom:container-demuxer-webm: 4f35f7cbe854078d1ac9338744f61a02 -> 
  custom:container-demuxer-ogg: 62fdf1f143b41e24485cea50d1cbac27 -> 
  custom:video-encoder-webm-vp8: eb34c28f22e8b96e1ab97ce403110664 -> 
  custom:video-codec-MediaFoundation-h265: 746d11721c4dcdbdad8f713fa42b33f4 -> 
  custom:video-decoder-webm-vp8: 9c59270c3fd7afecdb556c50c9e8de78 -> 
  custom:audio-decoder-ogg-vorbis: bf7c407c2cedff20999df2af8eb42d56 -> 
  custom:audio-encoder-webm-vorbis: bf7c407c2cedff20999df2af8eb42d56 -> 
========================================================================
Received Import Request.
  Time since last request: 1504.947200 seconds.
  path: Assets/EREN/Scripts/Database/DBManagement.cs
  artifactKey: Guid(3ba167d920177eb41becdbc7c5b66418) Importer(815301076,1909f56bfc062723c751e8b465ee728b)
Start importing Assets/EREN/Scripts/Database/DBManagement.cs using Guid(3ba167d920177eb41becdbc7c5b66418) Importer(815301076,1909f56bfc062723c751e8b465ee728b)  -> (artifact id: '2d224bb6c31e1bfe23aba946ac7015c5') in 0.017671 seconds 
  Import took 0.028657 seconds .

========================================================================
Received Prepare
Registering precompiled user dll's ...
Registered in 0.033057 seconds.
Begin MonoManager ReloadAssembly
Native extension for WindowsStandalone target not found
Native extension for WebGL target not found
Refreshing native plugins compatible for Editor in 2.95 ms, found 2 plugins.
Preloading 0 native plugins for Editor in 0.00 ms.
Mono: successfully reloaded assembly
- Completed reload, in  2.992 seconds
Domain Reload Profiling:
	ReloadAssembly (2994ms)
		BeginReloadAssembly (624ms)
			ExecutionOrderSort (0ms)
			DisableScriptedObjects (19ms)
			BackupInstance (0ms)
			ReleaseScriptingObjects (1ms)
			CreateAndSetChildDomain (97ms)
		EndReloadAssembly (2232ms)
			LoadAssemblies (630ms)
			RebuildTransferFunctionScriptingTraits (0ms)
			SetupTypeCache (426ms)
			ReleaseScriptCaches (2ms)
			RebuildScriptCaches (66ms)
			SetupLoadedEditorAssemblies (703ms)
				LogAssemblyErrors (0ms)
				InitializePlatformSupportModulesInManaged (12ms)
				SetLoadedEditorAssemblies (1ms)
				RefreshPlugins (3ms)
				BeforeProcessingInitializeOnLoad (196ms)
				ProcessInitializeOnLoadAttributes (474ms)
				ProcessInitializeOnLoadMethodAttributes (7ms)
				AfterProcessingInitializeOnLoad (10ms)
				EditorAssembliesLoaded (0ms)
			ExecutionOrderSort2 (0ms)
			AwakeInstancesAfterBackupRestoration (13ms)
Platform modules already initialized, skipping
Refreshing native plugins compatible for Editor in 0.77 ms, found 2 plugins.
Preloading 0 native plugins for Editor in 0.00 ms.
Unloading 1665 Unused Serialized files (Serialized files now loaded: 0)
System memory in use before: 79.2 MB.
System memory in use after: 79.3 MB.

Unloading 14 unused Assets to reduce memory usage. Loaded Objects now: 2146.
Total: 6.192200 ms (FindLiveObjects: 1.077700 ms CreateObjectMapping: 0.380600 ms MarkObjects: 3.590400 ms  DeleteObjects: 1.140000 ms)

AssetImportParameters requested are different than current active one (requested -> active):
  custom:framework-win-MediaFoundation: 216162199b28c13a410421893ffa2e32 -> 
  custom:video-decoder-ogg-theora: a1e56fd34408186e4bbccfd4996cb3dc -> 
  custom:container-muxer-webm: aa71ff27fc2769a1b78a27578f13a17b -> 
  custom:container-demuxer-webm: 4f35f7cbe854078d1ac9338744f61a02 -> 
  custom:container-demuxer-ogg: 62fdf1f143b41e24485cea50d1cbac27 -> 
  custom:video-encoder-webm-vp8: eb34c28f22e8b96e1ab97ce403110664 -> 
  custom:video-codec-MediaFoundation-h265: 746d11721c4dcdbdad8f713fa42b33f4 -> 
  custom:video-decoder-webm-vp8: 9c59270c3fd7afecdb556c50c9e8de78 -> 
  custom:audio-decoder-ogg-vorbis: bf7c407c2cedff20999df2af8eb42d56 -> 
  custom:audio-encoder-webm-vorbis: bf7c407c2cedff20999df2af8eb42d56 -> 
AssetImportWorkerClient::OnTransportError - code=2 error=End of file
